[1217/171057.402:ERROR:directory_reader_win.cc(43)] FindFirstFile: The system cannot find the path specified. (0x3)
[1226/110842.687:ERROR:directory_reader_win.cc(43)] FindFirstFile: The system cannot find the path specified. (0x3)
[1228/112132.230:ERROR:directory_reader_win.cc(43)] FindFirstFile: The system cannot find the path specified. (0x3)
[1228/212944.160:ERROR:directory_reader_win.cc(43)] FindFirstFile: The system cannot find the path specified. (0x3)
[0107/131755.653:ERROR:directory_reader_win.cc(43)] FindFirstFile: The system cannot find the path specified. (0x3)
[0107/220537.665:ERROR:process_reader_win.cc(151)] SuspendThread: Access is denied. (0x5)
[0107/220537.665:ERROR:process_reader_win.cc(151)] SuspendThread: Access is denied. (0x5)
[0107/220537.665:ERROR:process_reader_win.cc(151)] SuspendThread: Access is denied. (0x5)
[0107/220537.696:ERROR:process_reader_win.cc(151)] SuspendThread: Access is denied. (0x5)
[0107/220537.696:ERROR:process_reader_win.cc(151)] SuspendThread: Access is denied. (0x5)
[0107/220537.696:ERROR:process_reader_win.cc(151)] SuspendThread: Access is denied. (0x5)
[0107/220537.696:ERROR:process_reader_win.cc(151)] SuspendThread: Access is denied. (0x5)
[0107/220537.696:ERROR:process_reader_win.cc(151)] SuspendThread: Access is denied. (0x5)
[0107/220537.696:ERROR:process_reader_win.cc(151)] SuspendThread: Access is denied. (0x5)
[0107/220537.696:ERROR:process_reader_win.cc(151)] SuspendThread: Access is denied. (0x5)
[0107/220537.696:ERROR:process_reader_win.cc(151)] SuspendThread: Access is denied. (0x5)
[0107/220537.696:ERROR:process_reader_win.cc(151)] SuspendThread: Access is denied. (0x5)
[0107/220537.696:ERROR:process_reader_win.cc(151)] SuspendThread: Access is denied. (0x5)
[0107/220537.696:ERROR:process_reader_win.cc(151)] SuspendThread: Access is denied. (0x5)
[0107/220537.696:ERROR:process_reader_win.cc(151)] SuspendThread: Access is denied. (0x5)
[0107/220537.696:ERROR:process_reader_win.cc(151)] SuspendThread: Access is denied. (0x5)
[0107/220537.696:ERROR:process_reader_win.cc(151)] SuspendThread: Access is denied. (0x5)
[0107/220537.696:ERROR:process_reader_win.cc(151)] SuspendThread: Access is denied. (0x5)
[0107/220537.696:ERROR:process_reader_win.cc(151)] SuspendThread: Access is denied. (0x5)
[0107/220537.696:ERROR:process_reader_win.cc(151)] SuspendThread: Access is denied. (0x5)
[0107/220537.696:ERROR:process_reader_win.cc(151)] SuspendThread: Access is denied. (0x5)
[0107/220537.696:ERROR:process_reader_win.cc(151)] SuspendThread: Access is denied. (0x5)
[0107/220537.696:ERROR:process_reader_win.cc(151)] SuspendThread: Access is denied. (0x5)
[0107/220537.696:ERROR:process_reader_win.cc(151)] SuspendThread: Access is denied. (0x5)
[0107/220537.696:ERROR:process_reader_win.cc(151)] SuspendThread: Access is denied. (0x5)
[0107/220537.696:ERROR:process_reader_win.cc(151)] SuspendThread: Access is denied. (0x5)
[0107/220537.696:ERROR:process_reader_win.cc(151)] SuspendThread: Access is denied. (0x5)
[0107/220537.665:ERROR:process_reader_win.cc(151)] SuspendThread: Access is denied. (0x5)
[0107/220537.696:ERROR:process_reader_win.cc(123)] NtOpenThread: {Access Denied} A process has requested access to an object, but has not been granted those access rights. (0xc0000022)
[0107/220537.696:ERROR:process_reader_win.cc(151)] SuspendThread: Access is denied. (0x5)
[0107/220537.696:ERROR:process_reader_win.cc(123)] NtOpenThread: {Access Denied} A process has requested access to an object, but has not been granted those access rights. (0xc0000022)
[0107/220537.711:ERROR:process_reader_win.cc(151)] SuspendThread: Access is denied. (0x5)
[0107/220537.711:ERROR:exception_snapshot_win.cc(99)] thread ID 16592 not found in process
[0107/220537.711:ERROR:process_reader_win.cc(151)] SuspendThread: Access is denied. (0x5)
[0107/220537.696:ERROR:process_reader_win.cc(151)] SuspendThread: Access is denied. (0x5)
[0107/220537.711:ERROR:process_reader_win.cc(151)] SuspendThread: Access is denied. (0x5)
[0107/220537.711:ERROR:process_reader_win.cc(123)] NtOpenThread: An invalid Client ID was specified. (0xc000000b)
[0107/220537.711:ERROR:exception_snapshot_win.cc(99)] thread ID 16968 not found in process
[0107/220537.711:ERROR:process_reader_win.cc(123)] NtOpenThread: An invalid Client ID was specified. (0xc000000b)
[0107/220537.696:ERROR:process_reader_win.cc(151)] SuspendThread: Access is denied. (0x5)
[0107/220537.711:ERROR:process_reader_win.cc(123)] NtOpenThread: An invalid Client ID was specified. (0xc000000b)
[0107/220537.711:ERROR:process_reader_win.cc(151)] SuspendThread: Access is denied. (0x5)
[0107/220537.711:ERROR:process_reader_win.cc(123)] NtOpenThread: An invalid Client ID was specified. (0xc000000b)
[0107/220537.711:ERROR:process_reader_win.cc(123)] NtOpenThread: An invalid Client ID was specified. (0xc000000b)
[0107/220537.711:ERROR:process_reader_win.cc(151)] SuspendThread: Access is denied. (0x5)
[0107/220537.711:ERROR:process_reader_win.cc(123)] NtOpenThread: An invalid Client ID was specified. (0xc000000b)
[0107/220537.711:ERROR:process_reader_win.cc(151)] SuspendThread: Access is denied. (0x5)
[0107/220537.711:ERROR:process_reader_win.cc(123)] NtOpenThread: An invalid Client ID was specified. (0xc000000b)
[0107/220537.711:ERROR:process_reader_win.cc(151)] SuspendThread: Access is denied. (0x5)
[0107/220537.711:ERROR:process_reader_win.cc(123)] NtOpenThread: An invalid Client ID was specified. (0xc000000b)
[0107/220537.711:ERROR:process_reader_win.cc(151)] SuspendThread: Access is denied. (0x5)
[0107/220537.711:ERROR:process_reader_win.cc(123)] NtOpenThread: An invalid Client ID was specified. (0xc000000b)
[0107/220537.711:ERROR:process_reader_win.cc(151)] SuspendThread: Access is denied. (0x5)
[0107/220537.711:ERROR:process_reader_win.cc(123)] NtOpenThread: An invalid Client ID was specified. (0xc000000b)
[0107/220537.711:ERROR:process_reader_win.cc(151)] SuspendThread: Access is denied. (0x5)
[0107/220537.711:ERROR:process_reader_win.cc(123)] NtOpenThread: An invalid Client ID was specified. (0xc000000b)
[0107/220537.711:ERROR:process_reader_win.cc(151)] SuspendThread: Access is denied. (0x5)
[0107/220537.711:ERROR:process_reader_win.cc(123)] NtOpenThread: {Access Denied} A process has requested access to an object, but has not been granted those access rights. (0xc0000022)
[0107/220537.711:ERROR:process_reader_win.cc(151)] SuspendThread: Access is denied. (0x5)
[0107/220537.711:ERROR:process_reader_win.cc(151)] SuspendThread: Access is denied. (0x5)
[0107/220537.711:ERROR:exception_snapshot_win.cc(99)] thread ID 14372 not found in process
[0107/220537.711:ERROR:process_reader_win.cc(151)] SuspendThread: Access is denied. (0x5)
[0107/220537.711:ERROR:process_reader_win.cc(151)] SuspendThread: Access is denied. (0x5)
[0107/220537.711:ERROR:process_reader_win.cc(151)] SuspendThread: Access is denied. (0x5)
[0107/220537.711:ERROR:process_reader_win.cc(151)] SuspendThread: Access is denied. (0x5)
[0107/220537.711:ERROR:process_reader_win.cc(151)] SuspendThread: Access is denied. (0x5)
[0107/220537.711:ERROR:process_reader_win.cc(151)] SuspendThread: Access is denied. (0x5)
[0107/220537.711:ERROR:process_reader_win.cc(123)] NtOpenThread: {Access Denied} A process has requested access to an object, but has not been granted those access rights. (0xc0000022)
[0107/220537.711:ERROR:process_reader_win.cc(151)] SuspendThread: Access is denied. (0x5)
[0107/220537.711:ERROR:process_reader_win.cc(151)] SuspendThread: Access is denied. (0x5)
[0107/220537.711:ERROR:exception_snapshot_win.cc(99)] thread ID 464 not found in process
[0107/220537.711:ERROR:process_reader_win.cc(151)] SuspendThread: Access is denied. (0x5)
[0107/220537.711:ERROR:process_reader_win.cc(123)] NtOpenThread: {Access Denied} A process has requested access to an object, but has not been granted those access rights. (0xc0000022)
[0107/220537.711:ERROR:exception_snapshot_win.cc(99)] thread ID 9796 not found in process
[0107/220537.711:ERROR:scoped_process_suspend.cc(40)] NtResumeProcess: An attempt was made to access an exiting process. (0xc000010a)
[0107/220537.711:ERROR:scoped_process_suspend.cc(40)] NtResumeProcess: An attempt was made to access an exiting process. (0xc000010a)
[0113/083502.402:ERROR:directory_reader_win.cc(43)] FindFirstFile: The system cannot find the path specified. (0x3)
